{"D:\\Qorum Application\\validation.js": {"path":"D:\\Qorum Application\\validation.js","statementMap":{"0":{"start":{"line":1,"column":18},"end":{"line":1,"column":38}},"1":{"start":{"line":3,"column":22},"end":{"line":23,"column":1}},"2":{"start":{"line":4,"column":17},"end":{"line":4,"column":19}},"3":{"start":{"line":6,"column":4},"end":{"line":11,"column":50}},"4":{"start":{"line":7,"column":8},"end":{"line":9,"column":9}},"5":{"start":{"line":8,"column":12},"end":{"line":8,"column":75}},"6":{"start":{"line":11,"column":9},"end":{"line":11,"column":50}},"7":{"start":{"line":13,"column":4},"end":{"line":18,"column":51}},"8":{"start":{"line":14,"column":8},"end":{"line":16,"column":9}},"9":{"start":{"line":15,"column":12},"end":{"line":15,"column":76}},"10":{"start":{"line":18,"column":9},"end":{"line":18,"column":51}},"11":{"start":{"line":19,"column":4},"end":{"line":22,"column":5}},"12":{"start":{"line":25,"column":0},"end":{"line":27,"column":1}}},"fnMap":{"0":{"name":"(anonymous_0)","decl":{"start":{"line":3,"column":22},"end":{"line":3,"column":23}},"loc":{"start":{"line":3,"column":32},"end":{"line":23,"column":1}},"line":3}},"branchMap":{"0":{"loc":{"start":{"line":6,"column":4},"end":{"line":11,"column":50}},"type":"if","locations":[{"start":{"line":6,"column":4},"end":{"line":11,"column":50}},{"start":{"line":6,"column":4},"end":{"line":11,"column":50}}],"line":6},"1":{"loc":{"start":{"line":7,"column":8},"end":{"line":9,"column":9}},"type":"if","locations":[{"start":{"line":7,"column":8},"end":{"line":9,"column":9}},{"start":{"line":7,"column":8},"end":{"line":9,"column":9}}],"line":7},"2":{"loc":{"start":{"line":13,"column":4},"end":{"line":18,"column":51}},"type":"if","locations":[{"start":{"line":13,"column":4},"end":{"line":18,"column":51}},{"start":{"line":13,"column":4},"end":{"line":18,"column":51}}],"line":13},"3":{"loc":{"start":{"line":14,"column":8},"end":{"line":16,"column":9}},"type":"if","locations":[{"start":{"line":14,"column":8},"end":{"line":16,"column":9}},{"start":{"line":14,"column":8},"end":{"line":16,"column":9}}],"line":14}},"s":{"0":1,"1":1,"2":0,"3":0,"4":0,"5":0,"6":0,"7":0,"8":0,"9":0,"10":0,"11":0,"12":1},"f":{"0":0},"b":{"0":[0,0],"1":[0,0],"2":[0,0],"3":[0,0]},"_coverageSchema":"1a1c01bbd47fc00a2c39e90264f33305004495a9","hash":"db76f7ff71d700667638f047f743153daf31a264"}
,"D:\\Qorum Application\\models\\Category.js": {"path":"D:\\Qorum Application\\models\\Category.js","statementMap":{"0":{"start":{"line":1,"column":17},"end":{"line":1,"column":36}},"1":{"start":{"line":3,"column":23},"end":{"line":12,"column":2}},"2":{"start":{"line":14,"column":0},"end":{"line":14,"column":60}}},"fnMap":{},"branchMap":{},"s":{"0":1,"1":1,"2":1},"f":{},"b":{},"_coverageSchema":"1a1c01bbd47fc00a2c39e90264f33305004495a9","hash":"51585d1e713360d9a45672ad7f79e95a57568418"}
,"D:\\Qorum Application\\models\\Question.js": {"path":"D:\\Qorum Application\\models\\Question.js","statementMap":{"0":{"start":{"line":1,"column":17},"end":{"line":1,"column":36}},"1":{"start":{"line":3,"column":22},"end":{"line":16,"column":23}},"2":{"start":{"line":18,"column":21},"end":{"line":32,"column":23}},"3":{"start":{"line":34,"column":23},"end":{"line":62,"column":24}},"4":{"start":{"line":64,"column":0},"end":{"line":64,"column":60}}},"fnMap":{},"branchMap":{},"s":{"0":1,"1":1,"2":1,"3":1,"4":1},"f":{},"b":{},"_coverageSchema":"1a1c01bbd47fc00a2c39e90264f33305004495a9","hash":"23db6956a74d8535d3c9c5fb43fd5450b0650500"}
,"D:\\Qorum Application\\models\\User.js": {"path":"D:\\Qorum Application\\models\\User.js","statementMap":{"0":{"start":{"line":1,"column":17},"end":{"line":1,"column":36}},"1":{"start":{"line":3,"column":19},"end":{"line":27,"column":24}},"2":{"start":{"line":29,"column":0},"end":{"line":29,"column":52}}},"fnMap":{},"branchMap":{},"s":{"0":1,"1":1,"2":1},"f":{},"b":{},"_coverageSchema":"1a1c01bbd47fc00a2c39e90264f33305004495a9","hash":"c43e98fdba205e10070133fabc550efd98675f4c"}
,"D:\\Qorum Application\\routes\\auth.js": {"path":"D:\\Qorum Application\\routes\\auth.js","statementMap":{"0":{"start":{"line":1,"column":12},"end":{"line":1,"column":35}},"1":{"start":{"line":4,"column":21},"end":{"line":4,"column":46}},"2":{"start":{"line":5,"column":4},"end":{"line":9,"column":5}},"3":{"start":{"line":6,"column":18},"end":{"line":6,"column":58}},"4":{"start":{"line":7,"column":8},"end":{"line":7,"column":25}},"5":{"start":{"line":8,"column":8},"end":{"line":8,"column":25}},"6":{"start":{"line":12,"column":16},"end":{"line":12,"column":40}},"7":{"start":{"line":13,"column":4},"end":{"line":21,"column":6}},"8":{"start":{"line":14,"column":8},"end":{"line":17,"column":9}},"9":{"start":{"line":15,"column":22},"end":{"line":15,"column":62}},"10":{"start":{"line":16,"column":12},"end":{"line":16,"column":29}},"11":{"start":{"line":19,"column":8},"end":{"line":19,"column":27}},"12":{"start":{"line":20,"column":8},"end":{"line":20,"column":15}},"13":{"start":{"line":25,"column":4},"end":{"line":34,"column":5}},"14":{"start":{"line":26,"column":18},"end":{"line":26,"column":59}},"15":{"start":{"line":27,"column":8},"end":{"line":27,"column":25}},"16":{"start":{"line":28,"column":8},"end":{"line":28,"column":25}},"17":{"start":{"line":30,"column":9},"end":{"line":34,"column":5}},"18":{"start":{"line":31,"column":18},"end":{"line":31,"column":40}},"19":{"start":{"line":32,"column":8},"end":{"line":32,"column":25}},"20":{"start":{"line":33,"column":8},"end":{"line":33,"column":25}},"21":{"start":{"line":35,"column":4},"end":{"line":35,"column":11}},"22":{"start":{"line":38,"column":0},"end":{"line":41,"column":1}}},"fnMap":{"0":{"name":"verifyUser","decl":{"start":{"line":3,"column":9},"end":{"line":3,"column":19}},"loc":{"start":{"line":3,"column":36},"end":{"line":22,"column":1}},"line":3},"1":{"name":"(anonymous_1)","decl":{"start":{"line":13,"column":42},"end":{"line":13,"column":43}},"loc":{"start":{"line":13,"column":60},"end":{"line":21,"column":5}},"line":13},"2":{"name":"verifyAdmin","decl":{"start":{"line":24,"column":9},"end":{"line":24,"column":20}},"loc":{"start":{"line":24,"column":37},"end":{"line":36,"column":1}},"line":24}},"branchMap":{"0":{"loc":{"start":{"line":5,"column":4},"end":{"line":9,"column":5}},"type":"if","locations":[{"start":{"line":5,"column":4},"end":{"line":9,"column":5}},{"start":{"line":5,"column":4},"end":{"line":9,"column":5}}],"line":5},"1":{"loc":{"start":{"line":14,"column":8},"end":{"line":17,"column":9}},"type":"if","locations":[{"start":{"line":14,"column":8},"end":{"line":17,"column":9}},{"start":{"line":14,"column":8},"end":{"line":17,"column":9}}],"line":14},"2":{"loc":{"start":{"line":25,"column":4},"end":{"line":34,"column":5}},"type":"if","locations":[{"start":{"line":25,"column":4},"end":{"line":34,"column":5}},{"start":{"line":25,"column":4},"end":{"line":34,"column":5}}],"line":25},"3":{"loc":{"start":{"line":30,"column":9},"end":{"line":34,"column":5}},"type":"if","locations":[{"start":{"line":30,"column":9},"end":{"line":34,"column":5}},{"start":{"line":30,"column":9},"end":{"line":34,"column":5}}],"line":30}},"s":{"0":1,"1":0,"2":0,"3":0,"4":0,"5":0,"6":0,"7":0,"8":0,"9":0,"10":0,"11":0,"12":0,"13":0,"14":0,"15":0,"16":0,"17":0,"18":0,"19":0,"20":0,"21":0,"22":1},"f":{"0":0,"1":0,"2":0},"b":{"0":[0,0],"1":[0,0],"2":[0,0],"3":[0,0]},"_coverageSchema":"1a1c01bbd47fc00a2c39e90264f33305004495a9","hash":"d40dbc755629414ef6c37311c993cb83241c0a2f"}
,"D:\\Qorum Application\\routes\\categoryRouter.js": {"path":"D:\\Qorum Application\\routes\\categoryRouter.js","statementMap":{"0":{"start":{"line":1,"column":16},"end":{"line":1,"column":34}},"1":{"start":{"line":2,"column":17},"end":{"line":2,"column":36}},"2":{"start":{"line":3,"column":15},"end":{"line":3,"column":31}},"3":{"start":{"line":4,"column":17},"end":{"line":4,"column":46}},"4":{"start":{"line":5,"column":17},"end":{"line":5,"column":46}},"5":{"start":{"line":6,"column":13},"end":{"line":6,"column":30}},"6":{"start":{"line":8,"column":0},"end":{"line":26,"column":6}},"7":{"start":{"line":10,"column":8},"end":{"line":13,"column":27}},"8":{"start":{"line":12,"column":16},"end":{"line":12,"column":37}},"9":{"start":{"line":16,"column":8},"end":{"line":19,"column":27}},"10":{"start":{"line":18,"column":16},"end":{"line":18,"column":47}},"11":{"start":{"line":22,"column":8},"end":{"line":25,"column":27}},"12":{"start":{"line":24,"column":16},"end":{"line":24,"column":32}},"13":{"start":{"line":28,"column":0},"end":{"line":46,"column":6}},"14":{"start":{"line":30,"column":8},"end":{"line":33,"column":27}},"15":{"start":{"line":32,"column":16},"end":{"line":32,"column":37}},"16":{"start":{"line":36,"column":8},"end":{"line":39,"column":27}},"17":{"start":{"line":38,"column":16},"end":{"line":38,"column":35}},"18":{"start":{"line":42,"column":8},"end":{"line":45,"column":27}},"19":{"start":{"line":44,"column":16},"end":{"line":44,"column":32}},"20":{"start":{"line":48,"column":0},"end":{"line":80,"column":6}},"21":{"start":{"line":50,"column":8},"end":{"line":53,"column":27}},"22":{"start":{"line":52,"column":16},"end":{"line":52,"column":45}},"23":{"start":{"line":56,"column":8},"end":{"line":66,"column":27}},"24":{"start":{"line":58,"column":16},"end":{"line":65,"column":35}},"25":{"start":{"line":60,"column":24},"end":{"line":60,"column":61}},"26":{"start":{"line":61,"column":24},"end":{"line":64,"column":43}},"27":{"start":{"line":63,"column":32},"end":{"line":63,"column":79}},"28":{"start":{"line":69,"column":8},"end":{"line":79,"column":27}},"29":{"start":{"line":71,"column":16},"end":{"line":78,"column":35}},"30":{"start":{"line":73,"column":24},"end":{"line":73,"column":48}},"31":{"start":{"line":74,"column":24},"end":{"line":77,"column":43}},"32":{"start":{"line":76,"column":32},"end":{"line":76,"column":68}},"33":{"start":{"line":82,"column":0},"end":{"line":132,"column":6}},"34":{"start":{"line":84,"column":8},"end":{"line":97,"column":27}},"35":{"start":{"line":86,"column":16},"end":{"line":96,"column":17}},"36":{"start":{"line":87,"column":20},"end":{"line":90,"column":39}},"37":{"start":{"line":89,"column":28},"end":{"line":89,"column":47}},"38":{"start":{"line":93,"column":30},"end":{"line":93,"column":61}},"39":{"start":{"line":94,"column":20},"end":{"line":94,"column":37}},"40":{"start":{"line":95,"column":20},"end":{"line":95,"column":30}},"41":{"start":{"line":100,"column":8},"end":{"line":111,"column":27}},"42":{"start":{"line":102,"column":16},"end":{"line":110,"column":17}},"43":{"start":{"line":103,"column":20},"end":{"line":106,"column":39}},"44":{"start":{"line":105,"column":28},"end":{"line":105,"column":47}},"45":{"start":{"line":109,"column":20},"end":{"line":109,"column":49}},"46":{"start":{"line":114,"column":8},"end":{"line":131,"column":27}},"47":{"start":{"line":116,"column":16},"end":{"line":130,"column":17}},"48":{"start":{"line":117,"column":20},"end":{"line":126,"column":39}},"49":{"start":{"line":119,"column":28},"end":{"line":121,"column":30}},"50":{"start":{"line":120,"column":32},"end":{"line":120,"column":72}},"51":{"start":{"line":122,"column":28},"end":{"line":125,"column":47}},"52":{"start":{"line":124,"column":36},"end":{"line":124,"column":72}},"53":{"start":{"line":129,"column":20},"end":{"line":129,"column":49}},"54":{"start":{"line":134,"column":0},"end":{"line":134,"column":24}}},"fnMap":{"0":{"name":"(anonymous_0)","decl":{"start":{"line":9,"column":9},"end":{"line":9,"column":10}},"loc":{"start":{"line":9,"column":29},"end":{"line":14,"column":5}},"line":9},"1":{"name":"(anonymous_1)","decl":{"start":{"line":11,"column":18},"end":{"line":11,"column":19}},"loc":{"start":{"line":11,"column":34},"end":{"line":13,"column":13}},"line":11},"2":{"name":"(anonymous_2)","decl":{"start":{"line":15,"column":27},"end":{"line":15,"column":28}},"loc":{"start":{"line":15,"column":47},"end":{"line":20,"column":5}},"line":15},"3":{"name":"(anonymous_3)","decl":{"start":{"line":17,"column":18},"end":{"line":17,"column":19}},"loc":{"start":{"line":17,"column":30},"end":{"line":19,"column":13}},"line":17},"4":{"name":"(anonymous_4)","decl":{"start":{"line":21,"column":29},"end":{"line":21,"column":30}},"loc":{"start":{"line":21,"column":49},"end":{"line":26,"column":5}},"line":21},"5":{"name":"(anonymous_5)","decl":{"start":{"line":23,"column":18},"end":{"line":23,"column":19}},"loc":{"start":{"line":23,"column":27},"end":{"line":25,"column":13}},"line":23},"6":{"name":"(anonymous_6)","decl":{"start":{"line":29,"column":9},"end":{"line":29,"column":10}},"loc":{"start":{"line":29,"column":29},"end":{"line":34,"column":5}},"line":29},"7":{"name":"(anonymous_7)","decl":{"start":{"line":31,"column":18},"end":{"line":31,"column":19}},"loc":{"start":{"line":31,"column":32},"end":{"line":33,"column":13}},"line":31},"8":{"name":"(anonymous_8)","decl":{"start":{"line":35,"column":26},"end":{"line":35,"column":27}},"loc":{"start":{"line":35,"column":46},"end":{"line":40,"column":5}},"line":35},"9":{"name":"(anonymous_9)","decl":{"start":{"line":37,"column":18},"end":{"line":37,"column":19}},"loc":{"start":{"line":37,"column":30},"end":{"line":39,"column":13}},"line":37},"10":{"name":"(anonymous_10)","decl":{"start":{"line":41,"column":29},"end":{"line":41,"column":30}},"loc":{"start":{"line":41,"column":49},"end":{"line":46,"column":5}},"line":41},"11":{"name":"(anonymous_11)","decl":{"start":{"line":43,"column":18},"end":{"line":43,"column":19}},"loc":{"start":{"line":43,"column":27},"end":{"line":45,"column":13}},"line":43},"12":{"name":"(anonymous_12)","decl":{"start":{"line":49,"column":9},"end":{"line":49,"column":10}},"loc":{"start":{"line":49,"column":29},"end":{"line":54,"column":5}},"line":49},"13":{"name":"(anonymous_13)","decl":{"start":{"line":51,"column":18},"end":{"line":51,"column":19}},"loc":{"start":{"line":51,"column":30},"end":{"line":53,"column":13}},"line":51},"14":{"name":"(anonymous_14)","decl":{"start":{"line":55,"column":10},"end":{"line":55,"column":11}},"loc":{"start":{"line":55,"column":30},"end":{"line":67,"column":5}},"line":55},"15":{"name":"(anonymous_15)","decl":{"start":{"line":57,"column":18},"end":{"line":57,"column":19}},"loc":{"start":{"line":57,"column":30},"end":{"line":66,"column":13}},"line":57},"16":{"name":"(anonymous_16)","decl":{"start":{"line":59,"column":26},"end":{"line":59,"column":27}},"loc":{"start":{"line":59,"column":38},"end":{"line":65,"column":21}},"line":59},"17":{"name":"(anonymous_17)","decl":{"start":{"line":62,"column":34},"end":{"line":62,"column":35}},"loc":{"start":{"line":62,"column":52},"end":{"line":64,"column":29}},"line":62},"18":{"name":"(anonymous_18)","decl":{"start":{"line":68,"column":29},"end":{"line":68,"column":30}},"loc":{"start":{"line":68,"column":49},"end":{"line":80,"column":5}},"line":68},"19":{"name":"(anonymous_19)","decl":{"start":{"line":70,"column":18},"end":{"line":70,"column":19}},"loc":{"start":{"line":70,"column":30},"end":{"line":79,"column":13}},"line":70},"20":{"name":"(anonymous_20)","decl":{"start":{"line":72,"column":26},"end":{"line":72,"column":27}},"loc":{"start":{"line":72,"column":35},"end":{"line":78,"column":21}},"line":72},"21":{"name":"(anonymous_21)","decl":{"start":{"line":75,"column":34},"end":{"line":75,"column":35}},"loc":{"start":{"line":75,"column":53},"end":{"line":77,"column":29}},"line":75},"22":{"name":"(anonymous_22)","decl":{"start":{"line":83,"column":9},"end":{"line":83,"column":10}},"loc":{"start":{"line":83,"column":29},"end":{"line":98,"column":5}},"line":83},"23":{"name":"(anonymous_23)","decl":{"start":{"line":85,"column":18},"end":{"line":85,"column":19}},"loc":{"start":{"line":85,"column":30},"end":{"line":97,"column":13}},"line":85},"24":{"name":"(anonymous_24)","decl":{"start":{"line":88,"column":30},"end":{"line":88,"column":31}},"loc":{"start":{"line":88,"column":42},"end":{"line":90,"column":25}},"line":88},"25":{"name":"(anonymous_25)","decl":{"start":{"line":99,"column":9},"end":{"line":99,"column":10}},"loc":{"start":{"line":99,"column":29},"end":{"line":112,"column":5}},"line":99},"26":{"name":"(anonymous_26)","decl":{"start":{"line":101,"column":18},"end":{"line":101,"column":19}},"loc":{"start":{"line":101,"column":30},"end":{"line":111,"column":13}},"line":101},"27":{"name":"(anonymous_27)","decl":{"start":{"line":104,"column":30},"end":{"line":104,"column":31}},"loc":{"start":{"line":104,"column":42},"end":{"line":106,"column":25}},"line":104},"28":{"name":"(anonymous_28)","decl":{"start":{"line":113,"column":29},"end":{"line":113,"column":30}},"loc":{"start":{"line":113,"column":49},"end":{"line":132,"column":5}},"line":113},"29":{"name":"(anonymous_29)","decl":{"start":{"line":115,"column":18},"end":{"line":115,"column":19}},"loc":{"start":{"line":115,"column":30},"end":{"line":131,"column":13}},"line":115},"30":{"name":"(anonymous_30)","decl":{"start":{"line":118,"column":30},"end":{"line":118,"column":31}},"loc":{"start":{"line":118,"column":39},"end":{"line":126,"column":25}},"line":118},"31":{"name":"(anonymous_31)","decl":{"start":{"line":119,"column":75},"end":{"line":119,"column":76}},"loc":{"start":{"line":119,"column":86},"end":{"line":121,"column":29}},"line":119},"32":{"name":"(anonymous_32)","decl":{"start":{"line":123,"column":38},"end":{"line":123,"column":39}},"loc":{"start":{"line":123,"column":57},"end":{"line":125,"column":33}},"line":123}},"branchMap":{"0":{"loc":{"start":{"line":86,"column":16},"end":{"line":96,"column":17}},"type":"if","locations":[{"start":{"line":86,"column":16},"end":{"line":96,"column":17}},{"start":{"line":86,"column":16},"end":{"line":96,"column":17}}],"line":86},"1":{"loc":{"start":{"line":102,"column":16},"end":{"line":110,"column":17}},"type":"if","locations":[{"start":{"line":102,"column":16},"end":{"line":110,"column":17}},{"start":{"line":102,"column":16},"end":{"line":110,"column":17}}],"line":102},"2":{"loc":{"start":{"line":116,"column":16},"end":{"line":130,"column":17}},"type":"if","locations":[{"start":{"line":116,"column":16},"end":{"line":130,"column":17}},{"start":{"line":116,"column":16},"end":{"line":130,"column":17}}],"line":116}},"s":{"0":1,"1":1,"2":1,"3":1,"4":1,"5":1,"6":1,"7":0,"8":0,"9":0,"10":0,"11":0,"12":0,"13":1,"14":0,"15":0,"16":0,"17":0,"18":0,"19":0,"20":1,"21":0,"22":0,"23":0,"24":0,"25":0,"26":0,"27":0,"28":0,"29":0,"30":0,"31":0,"32":0,"33":1,"34":0,"35":0,"36":0,"37":0,"38":0,"39":0,"40":0,"41":0,"42":0,"43":0,"44":0,"45":0,"46":0,"47":0,"48":0,"49":0,"50":0,"51":0,"52":0,"53":0,"54":1},"f":{"0":0,"1":0,"2":0,"3":0,"4":0,"5":0,"6":0,"7":0,"8":0,"9":0,"10":0,"11":0,"12":0,"13":0,"14":0,"15":0,"16":0,"17":0,"18":0,"19":0,"20":0,"21":0,"22":0,"23":0,"24":0,"25":0,"26":0,"27":0,"28":0,"29":0,"30":0,"31":0,"32":0},"b":{"0":[0,0],"1":[0,0],"2":[0,0]},"_coverageSchema":"1a1c01bbd47fc00a2c39e90264f33305004495a9","hash":"98bc0cb0bceeee921f48f87f438e4e8efebd02fc"}
,"D:\\Qorum Application\\routes\\questionRouter.js": {"path":"D:\\Qorum Application\\routes\\questionRouter.js","statementMap":{"0":{"start":{"line":1,"column":16},"end":{"line":1,"column":34}},"1":{"start":{"line":2,"column":17},"end":{"line":2,"column":36}},"2":{"start":{"line":3,"column":15},"end":{"line":3,"column":31}},"3":{"start":{"line":4,"column":17},"end":{"line":4,"column":46}},"4":{"start":{"line":5,"column":13},"end":{"line":5,"column":38}},"5":{"start":{"line":7,"column":0},"end":{"line":26,"column":6}},"6":{"start":{"line":9,"column":8},"end":{"line":12,"column":27}},"7":{"start":{"line":11,"column":16},"end":{"line":11,"column":35}},"8":{"start":{"line":15,"column":35},"end":{"line":15,"column":43}},"9":{"start":{"line":16,"column":8},"end":{"line":19,"column":27}},"10":{"start":{"line":18,"column":16},"end":{"line":18,"column":47}},"11":{"start":{"line":22,"column":8},"end":{"line":25,"column":27}},"12":{"start":{"line":24,"column":16},"end":{"line":24,"column":32}},"13":{"start":{"line":28,"column":0},"end":{"line":47,"column":6}},"14":{"start":{"line":31,"column":8},"end":{"line":34,"column":27}},"15":{"start":{"line":33,"column":16},"end":{"line":33,"column":35}},"16":{"start":{"line":37,"column":8},"end":{"line":40,"column":27}},"17":{"start":{"line":39,"column":16},"end":{"line":39,"column":35}},"18":{"start":{"line":43,"column":8},"end":{"line":46,"column":27}},"19":{"start":{"line":45,"column":16},"end":{"line":45,"column":32}},"20":{"start":{"line":49,"column":0},"end":{"line":75,"column":6}},"21":{"start":{"line":51,"column":8},"end":{"line":54,"column":27}},"22":{"start":{"line":53,"column":16},"end":{"line":53,"column":43}},"23":{"start":{"line":57,"column":8},"end":{"line":64,"column":27}},"24":{"start":{"line":59,"column":16},"end":{"line":59,"column":48}},"25":{"start":{"line":60,"column":16},"end":{"line":63,"column":35}},"26":{"start":{"line":62,"column":24},"end":{"line":62,"column":57}},"27":{"start":{"line":67,"column":8},"end":{"line":74,"column":27}},"28":{"start":{"line":69,"column":16},"end":{"line":69,"column":38}},"29":{"start":{"line":70,"column":16},"end":{"line":73,"column":35}},"30":{"start":{"line":72,"column":24},"end":{"line":72,"column":57}},"31":{"start":{"line":77,"column":0},"end":{"line":106,"column":6}},"32":{"start":{"line":79,"column":8},"end":{"line":82,"column":27}},"33":{"start":{"line":81,"column":16},"end":{"line":81,"column":68}},"34":{"start":{"line":85,"column":8},"end":{"line":93,"column":27}},"35":{"start":{"line":87,"column":29},"end":{"line":87,"column":70}},"36":{"start":{"line":88,"column":16},"end":{"line":88,"column":44}},"37":{"start":{"line":89,"column":16},"end":{"line":92,"column":35}},"38":{"start":{"line":91,"column":24},"end":{"line":91,"column":76}},"39":{"start":{"line":96,"column":8},"end":{"line":105,"column":27}},"40":{"start":{"line":98,"column":16},"end":{"line":100,"column":18}},"41":{"start":{"line":99,"column":20},"end":{"line":99,"column":62}},"42":{"start":{"line":101,"column":16},"end":{"line":104,"column":35}},"43":{"start":{"line":103,"column":24},"end":{"line":103,"column":51}},"44":{"start":{"line":108,"column":0},"end":{"line":134,"column":6}},"45":{"start":{"line":110,"column":8},"end":{"line":113,"column":27}},"46":{"start":{"line":112,"column":16},"end":{"line":112,"column":44}},"47":{"start":{"line":116,"column":8},"end":{"line":123,"column":27}},"48":{"start":{"line":118,"column":16},"end":{"line":118,"column":49}},"49":{"start":{"line":119,"column":16},"end":{"line":122,"column":35}},"50":{"start":{"line":121,"column":24},"end":{"line":121,"column":58}},"51":{"start":{"line":126,"column":8},"end":{"line":133,"column":27}},"52":{"start":{"line":128,"column":16},"end":{"line":128,"column":39}},"53":{"start":{"line":129,"column":16},"end":{"line":132,"column":35}},"54":{"start":{"line":131,"column":24},"end":{"line":131,"column":58}},"55":{"start":{"line":135,"column":0},"end":{"line":164,"column":6}},"56":{"start":{"line":137,"column":8},"end":{"line":140,"column":27}},"57":{"start":{"line":139,"column":16},"end":{"line":139,"column":70}},"58":{"start":{"line":143,"column":8},"end":{"line":151,"column":27}},"59":{"start":{"line":145,"column":30},"end":{"line":145,"column":73}},"60":{"start":{"line":146,"column":16},"end":{"line":146,"column":45}},"61":{"start":{"line":147,"column":16},"end":{"line":150,"column":35}},"62":{"start":{"line":149,"column":24},"end":{"line":149,"column":84}},"63":{"start":{"line":154,"column":8},"end":{"line":163,"column":27}},"64":{"start":{"line":156,"column":16},"end":{"line":158,"column":18}},"65":{"start":{"line":157,"column":20},"end":{"line":157,"column":64}},"66":{"start":{"line":159,"column":16},"end":{"line":162,"column":35}},"67":{"start":{"line":161,"column":24},"end":{"line":161,"column":58}},"68":{"start":{"line":166,"column":0},"end":{"line":166,"column":24}}},"fnMap":{"0":{"name":"(anonymous_0)","decl":{"start":{"line":8,"column":9},"end":{"line":8,"column":10}},"loc":{"start":{"line":8,"column":29},"end":{"line":13,"column":5}},"line":8},"1":{"name":"(anonymous_1)","decl":{"start":{"line":10,"column":18},"end":{"line":10,"column":19}},"loc":{"start":{"line":10,"column":32},"end":{"line":12,"column":13}},"line":10},"2":{"name":"(anonymous_2)","decl":{"start":{"line":14,"column":10},"end":{"line":14,"column":11}},"loc":{"start":{"line":14,"column":30},"end":{"line":20,"column":5}},"line":14},"3":{"name":"(anonymous_3)","decl":{"start":{"line":17,"column":18},"end":{"line":17,"column":19}},"loc":{"start":{"line":17,"column":30},"end":{"line":19,"column":13}},"line":17},"4":{"name":"(anonymous_4)","decl":{"start":{"line":21,"column":30},"end":{"line":21,"column":31}},"loc":{"start":{"line":21,"column":50},"end":{"line":26,"column":5}},"line":21},"5":{"name":"(anonymous_5)","decl":{"start":{"line":23,"column":18},"end":{"line":23,"column":19}},"loc":{"start":{"line":23,"column":27},"end":{"line":25,"column":13}},"line":23},"6":{"name":"(anonymous_6)","decl":{"start":{"line":30,"column":9},"end":{"line":30,"column":10}},"loc":{"start":{"line":30,"column":29},"end":{"line":35,"column":5}},"line":30},"7":{"name":"(anonymous_7)","decl":{"start":{"line":32,"column":18},"end":{"line":32,"column":19}},"loc":{"start":{"line":32,"column":30},"end":{"line":34,"column":13}},"line":32},"8":{"name":"(anonymous_8)","decl":{"start":{"line":36,"column":9},"end":{"line":36,"column":10}},"loc":{"start":{"line":36,"column":29},"end":{"line":41,"column":5}},"line":36},"9":{"name":"(anonymous_9)","decl":{"start":{"line":38,"column":18},"end":{"line":38,"column":19}},"loc":{"start":{"line":38,"column":30},"end":{"line":40,"column":13}},"line":38},"10":{"name":"(anonymous_10)","decl":{"start":{"line":42,"column":12},"end":{"line":42,"column":13}},"loc":{"start":{"line":42,"column":32},"end":{"line":47,"column":5}},"line":42},"11":{"name":"(anonymous_11)","decl":{"start":{"line":44,"column":18},"end":{"line":44,"column":19}},"loc":{"start":{"line":44,"column":27},"end":{"line":46,"column":13}},"line":44},"12":{"name":"(anonymous_12)","decl":{"start":{"line":50,"column":9},"end":{"line":50,"column":10}},"loc":{"start":{"line":50,"column":29},"end":{"line":55,"column":5}},"line":50},"13":{"name":"(anonymous_13)","decl":{"start":{"line":52,"column":18},"end":{"line":52,"column":19}},"loc":{"start":{"line":52,"column":30},"end":{"line":54,"column":13}},"line":52},"14":{"name":"(anonymous_14)","decl":{"start":{"line":56,"column":10},"end":{"line":56,"column":11}},"loc":{"start":{"line":56,"column":30},"end":{"line":65,"column":5}},"line":56},"15":{"name":"(anonymous_15)","decl":{"start":{"line":58,"column":18},"end":{"line":58,"column":19}},"loc":{"start":{"line":58,"column":30},"end":{"line":64,"column":13}},"line":58},"16":{"name":"(anonymous_16)","decl":{"start":{"line":61,"column":26},"end":{"line":61,"column":27}},"loc":{"start":{"line":61,"column":44},"end":{"line":63,"column":21}},"line":61},"17":{"name":"(anonymous_17)","decl":{"start":{"line":66,"column":12},"end":{"line":66,"column":13}},"loc":{"start":{"line":66,"column":32},"end":{"line":75,"column":5}},"line":66},"18":{"name":"(anonymous_18)","decl":{"start":{"line":68,"column":18},"end":{"line":68,"column":19}},"loc":{"start":{"line":68,"column":30},"end":{"line":74,"column":13}},"line":68},"19":{"name":"(anonymous_19)","decl":{"start":{"line":71,"column":26},"end":{"line":71,"column":27}},"loc":{"start":{"line":71,"column":44},"end":{"line":73,"column":21}},"line":71},"20":{"name":"(anonymous_20)","decl":{"start":{"line":78,"column":9},"end":{"line":78,"column":10}},"loc":{"start":{"line":78,"column":29},"end":{"line":83,"column":5}},"line":78},"21":{"name":"(anonymous_21)","decl":{"start":{"line":80,"column":18},"end":{"line":80,"column":19}},"loc":{"start":{"line":80,"column":30},"end":{"line":82,"column":13}},"line":80},"22":{"name":"(anonymous_22)","decl":{"start":{"line":84,"column":9},"end":{"line":84,"column":10}},"loc":{"start":{"line":84,"column":29},"end":{"line":94,"column":5}},"line":84},"23":{"name":"(anonymous_23)","decl":{"start":{"line":86,"column":18},"end":{"line":86,"column":19}},"loc":{"start":{"line":86,"column":30},"end":{"line":93,"column":13}},"line":86},"24":{"name":"(anonymous_24)","decl":{"start":{"line":90,"column":26},"end":{"line":90,"column":27}},"loc":{"start":{"line":90,"column":44},"end":{"line":92,"column":21}},"line":90},"25":{"name":"(anonymous_25)","decl":{"start":{"line":95,"column":12},"end":{"line":95,"column":13}},"loc":{"start":{"line":95,"column":32},"end":{"line":106,"column":5}},"line":95},"26":{"name":"(anonymous_26)","decl":{"start":{"line":97,"column":18},"end":{"line":97,"column":19}},"loc":{"start":{"line":97,"column":30},"end":{"line":105,"column":13}},"line":97},"27":{"name":"(anonymous_27)","decl":{"start":{"line":98,"column":59},"end":{"line":98,"column":60}},"loc":{"start":{"line":98,"column":71},"end":{"line":100,"column":17}},"line":98},"28":{"name":"(anonymous_28)","decl":{"start":{"line":102,"column":26},"end":{"line":102,"column":27}},"loc":{"start":{"line":102,"column":44},"end":{"line":104,"column":21}},"line":102},"29":{"name":"(anonymous_29)","decl":{"start":{"line":109,"column":9},"end":{"line":109,"column":10}},"loc":{"start":{"line":109,"column":29},"end":{"line":114,"column":5}},"line":109},"30":{"name":"(anonymous_30)","decl":{"start":{"line":111,"column":18},"end":{"line":111,"column":19}},"loc":{"start":{"line":111,"column":30},"end":{"line":113,"column":13}},"line":111},"31":{"name":"(anonymous_31)","decl":{"start":{"line":115,"column":10},"end":{"line":115,"column":11}},"loc":{"start":{"line":115,"column":30},"end":{"line":124,"column":5}},"line":115},"32":{"name":"(anonymous_32)","decl":{"start":{"line":117,"column":18},"end":{"line":117,"column":19}},"loc":{"start":{"line":117,"column":30},"end":{"line":123,"column":13}},"line":117},"33":{"name":"(anonymous_33)","decl":{"start":{"line":120,"column":26},"end":{"line":120,"column":27}},"loc":{"start":{"line":120,"column":44},"end":{"line":122,"column":21}},"line":120},"34":{"name":"(anonymous_34)","decl":{"start":{"line":125,"column":12},"end":{"line":125,"column":13}},"loc":{"start":{"line":125,"column":32},"end":{"line":134,"column":5}},"line":125},"35":{"name":"(anonymous_35)","decl":{"start":{"line":127,"column":18},"end":{"line":127,"column":19}},"loc":{"start":{"line":127,"column":30},"end":{"line":133,"column":13}},"line":127},"36":{"name":"(anonymous_36)","decl":{"start":{"line":130,"column":26},"end":{"line":130,"column":27}},"loc":{"start":{"line":130,"column":44},"end":{"line":132,"column":21}},"line":130},"37":{"name":"(anonymous_37)","decl":{"start":{"line":136,"column":9},"end":{"line":136,"column":10}},"loc":{"start":{"line":136,"column":29},"end":{"line":141,"column":5}},"line":136},"38":{"name":"(anonymous_38)","decl":{"start":{"line":138,"column":18},"end":{"line":138,"column":19}},"loc":{"start":{"line":138,"column":30},"end":{"line":140,"column":13}},"line":138},"39":{"name":"(anonymous_39)","decl":{"start":{"line":142,"column":9},"end":{"line":142,"column":10}},"loc":{"start":{"line":142,"column":29},"end":{"line":152,"column":5}},"line":142},"40":{"name":"(anonymous_40)","decl":{"start":{"line":144,"column":18},"end":{"line":144,"column":19}},"loc":{"start":{"line":144,"column":30},"end":{"line":151,"column":13}},"line":144},"41":{"name":"(anonymous_41)","decl":{"start":{"line":148,"column":26},"end":{"line":148,"column":27}},"loc":{"start":{"line":148,"column":44},"end":{"line":150,"column":21}},"line":148},"42":{"name":"(anonymous_42)","decl":{"start":{"line":153,"column":12},"end":{"line":153,"column":13}},"loc":{"start":{"line":153,"column":32},"end":{"line":164,"column":5}},"line":153},"43":{"name":"(anonymous_43)","decl":{"start":{"line":155,"column":18},"end":{"line":155,"column":19}},"loc":{"start":{"line":155,"column":30},"end":{"line":163,"column":13}},"line":155},"44":{"name":"(anonymous_44)","decl":{"start":{"line":156,"column":61},"end":{"line":156,"column":62}},"loc":{"start":{"line":156,"column":74},"end":{"line":158,"column":17}},"line":156},"45":{"name":"(anonymous_45)","decl":{"start":{"line":160,"column":26},"end":{"line":160,"column":27}},"loc":{"start":{"line":160,"column":44},"end":{"line":162,"column":21}},"line":160}},"branchMap":{},"s":{"0":1,"1":1,"2":1,"3":1,"4":1,"5":1,"6":0,"7":0,"8":0,"9":0,"10":0,"11":0,"12":0,"13":1,"14":0,"15":0,"16":0,"17":0,"18":0,"19":0,"20":1,"21":0,"22":0,"23":0,"24":0,"25":0,"26":0,"27":0,"28":0,"29":0,"30":0,"31":1,"32":0,"33":0,"34":0,"35":0,"36":0,"37":0,"38":0,"39":0,"40":0,"41":0,"42":0,"43":0,"44":1,"45":0,"46":0,"47":0,"48":0,"49":0,"50":0,"51":0,"52":0,"53":0,"54":0,"55":1,"56":0,"57":0,"58":0,"59":0,"60":0,"61":0,"62":0,"63":0,"64":0,"65":0,"66":0,"67":0,"68":1},"f":{"0":0,"1":0,"2":0,"3":0,"4":0,"5":0,"6":0,"7":0,"8":0,"9":0,"10":0,"11":0,"12":0,"13":0,"14":0,"15":0,"16":0,"17":0,"18":0,"19":0,"20":0,"21":0,"22":0,"23":0,"24":0,"25":0,"26":0,"27":0,"28":0,"29":0,"30":0,"31":0,"32":0,"33":0,"34":0,"35":0,"36":0,"37":0,"38":0,"39":0,"40":0,"41":0,"42":0,"43":0,"44":0,"45":0},"b":{},"_coverageSchema":"1a1c01bbd47fc00a2c39e90264f33305004495a9","hash":"69f082fd31cc8204e14be41ff9adde9dc952f8d2"}
,"D:\\Qorum Application\\routes\\userRouter.js": {"path":"D:\\Qorum Application\\routes\\userRouter.js","statementMap":{"0":{"start":{"line":1,"column":16},"end":{"line":1,"column":34}},"1":{"start":{"line":3,"column":15},"end":{"line":3,"column":31}},"2":{"start":{"line":4,"column":15},"end":{"line":4,"column":34}},"3":{"start":{"line":5,"column":13},"end":{"line":5,"column":38}},"4":{"start":{"line":6,"column":12},"end":{"line":6,"column":35}},"5":{"start":{"line":8,"column":19},"end":{"line":8,"column":43}},"6":{"start":{"line":10,"column":0},"end":{"line":39,"column":2}},"7":{"start":{"line":11,"column":32},"end":{"line":11,"column":66}},"8":{"start":{"line":12,"column":4},"end":{"line":18,"column":5}},"9":{"start":{"line":14,"column":8},"end":{"line":17,"column":11}},"10":{"start":{"line":19,"column":60},"end":{"line":19,"column":68}},"11":{"start":{"line":20,"column":4},"end":{"line":38,"column":23}},"12":{"start":{"line":22,"column":12},"end":{"line":30,"column":13}},"13":{"start":{"line":23,"column":16},"end":{"line":26,"column":18}},"14":{"start":{"line":31,"column":12},"end":{"line":37,"column":31}},"15":{"start":{"line":33,"column":20},"end":{"line":36,"column":39}},"16":{"start":{"line":35,"column":28},"end":{"line":35,"column":77}},"17":{"start":{"line":41,"column":0},"end":{"line":79,"column":2}},"18":{"start":{"line":42,"column":33},"end":{"line":42,"column":41}},"19":{"start":{"line":43,"column":4},"end":{"line":78,"column":23}},"20":{"start":{"line":45,"column":12},"end":{"line":51,"column":13}},"21":{"start":{"line":47,"column":16},"end":{"line":50,"column":18}},"22":{"start":{"line":52,"column":12},"end":{"line":77,"column":31}},"23":{"start":{"line":54,"column":20},"end":{"line":59,"column":21}},"24":{"start":{"line":55,"column":24},"end":{"line":58,"column":26}},"25":{"start":{"line":61,"column":34},"end":{"line":67,"column":21}},"26":{"start":{"line":68,"column":20},"end":{"line":76,"column":23}},"27":{"start":{"line":69,"column":24},"end":{"line":71,"column":25}},"28":{"start":{"line":70,"column":28},"end":{"line":70,"column":45}},"29":{"start":{"line":72,"column":24},"end":{"line":75,"column":27}},"30":{"start":{"line":81,"column":0},"end":{"line":81,"column":24}}},"fnMap":{"0":{"name":"(anonymous_0)","decl":{"start":{"line":10,"column":25},"end":{"line":10,"column":26}},"loc":{"start":{"line":10,"column":45},"end":{"line":39,"column":1}},"line":10},"1":{"name":"(anonymous_1)","decl":{"start":{"line":21,"column":14},"end":{"line":21,"column":15}},"loc":{"start":{"line":21,"column":24},"end":{"line":38,"column":9}},"line":21},"2":{"name":"(anonymous_2)","decl":{"start":{"line":32,"column":22},"end":{"line":32,"column":23}},"loc":{"start":{"line":32,"column":32},"end":{"line":37,"column":17}},"line":32},"3":{"name":"(anonymous_3)","decl":{"start":{"line":34,"column":30},"end":{"line":34,"column":31}},"loc":{"start":{"line":34,"column":40},"end":{"line":36,"column":25}},"line":34},"4":{"name":"(anonymous_4)","decl":{"start":{"line":41,"column":22},"end":{"line":41,"column":23}},"loc":{"start":{"line":41,"column":42},"end":{"line":79,"column":1}},"line":41},"5":{"name":"(anonymous_5)","decl":{"start":{"line":44,"column":14},"end":{"line":44,"column":15}},"loc":{"start":{"line":44,"column":24},"end":{"line":78,"column":9}},"line":44},"6":{"name":"(anonymous_6)","decl":{"start":{"line":53,"column":22},"end":{"line":53,"column":23}},"loc":{"start":{"line":53,"column":37},"end":{"line":77,"column":17}},"line":53},"7":{"name":"(anonymous_7)","decl":{"start":{"line":68,"column":58},"end":{"line":68,"column":59}},"loc":{"start":{"line":68,"column":74},"end":{"line":76,"column":21}},"line":68}},"branchMap":{"0":{"loc":{"start":{"line":12,"column":4},"end":{"line":18,"column":5}},"type":"if","locations":[{"start":{"line":12,"column":4},"end":{"line":18,"column":5}},{"start":{"line":12,"column":4},"end":{"line":18,"column":5}}],"line":12},"1":{"loc":{"start":{"line":22,"column":12},"end":{"line":30,"column":13}},"type":"if","locations":[{"start":{"line":22,"column":12},"end":{"line":30,"column":13}},{"start":{"line":22,"column":12},"end":{"line":30,"column":13}}],"line":22},"2":{"loc":{"start":{"line":45,"column":12},"end":{"line":51,"column":13}},"type":"if","locations":[{"start":{"line":45,"column":12},"end":{"line":51,"column":13}},{"start":{"line":45,"column":12},"end":{"line":51,"column":13}}],"line":45},"3":{"loc":{"start":{"line":54,"column":20},"end":{"line":59,"column":21}},"type":"if","locations":[{"start":{"line":54,"column":20},"end":{"line":59,"column":21}},{"start":{"line":54,"column":20},"end":{"line":59,"column":21}}],"line":54},"4":{"loc":{"start":{"line":69,"column":24},"end":{"line":71,"column":25}},"type":"if","locations":[{"start":{"line":69,"column":24},"end":{"line":71,"column":25}},{"start":{"line":69,"column":24},"end":{"line":71,"column":25}}],"line":69}},"s":{"0":1,"1":1,"2":1,"3":1,"4":1,"5":1,"6":1,"7":0,"8":0,"9":0,"10":0,"11":0,"12":0,"13":0,"14":0,"15":0,"16":0,"17":1,"18":0,"19":0,"20":0,"21":0,"22":0,"23":0,"24":0,"25":0,"26":0,"27":0,"28":0,"29":0,"30":1},"f":{"0":0,"1":0,"2":0,"3":0,"4":0,"5":0,"6":0,"7":0},"b":{"0":[0,0],"1":[0,0],"2":[0,0],"3":[0,0],"4":[0,0]},"_coverageSchema":"1a1c01bbd47fc00a2c39e90264f33305004495a9","hash":"6f6718279a9660b0384f9fbb5aee6557eea3e5ab"}
,"D:\\Qorum Application\\testing\\setup.js": {"path":"D:\\Qorum Application\\testing\\setup.js","statementMap":{"0":{"start":{"line":1,"column":16},"end":{"line":1,"column":35}},"1":{"start":{"line":3,"column":0},"end":{"line":15,"column":2}},"2":{"start":{"line":4,"column":4},"end":{"line":14,"column":6}},"3":{"start":{"line":9,"column":8},"end":{"line":9,"column":37}},"4":{"start":{"line":10,"column":8},"end":{"line":10,"column":15}},"5":{"start":{"line":12,"column":8},"end":{"line":12,"column":27}},"6":{"start":{"line":13,"column":8},"end":{"line":13,"column":24}},"7":{"start":{"line":17,"column":0},"end":{"line":22,"column":2}},"8":{"start":{"line":18,"column":4},"end":{"line":21,"column":7}},"9":{"start":{"line":19,"column":8},"end":{"line":19,"column":41}},"10":{"start":{"line":20,"column":8},"end":{"line":20,"column":15}}},"fnMap":{"0":{"name":"(anonymous_0)","decl":{"start":{"line":3,"column":10},"end":{"line":3,"column":11}},"loc":{"start":{"line":3,"column":20},"end":{"line":15,"column":1}},"line":3},"1":{"name":"(anonymous_1)","decl":{"start":{"line":8,"column":12},"end":{"line":8,"column":13}},"loc":{"start":{"line":8,"column":20},"end":{"line":11,"column":5}},"line":8},"2":{"name":"(anonymous_2)","decl":{"start":{"line":11,"column":13},"end":{"line":11,"column":14}},"loc":{"start":{"line":11,"column":22},"end":{"line":14,"column":5}},"line":11},"3":{"name":"(anonymous_3)","decl":{"start":{"line":17,"column":9},"end":{"line":17,"column":10}},"loc":{"start":{"line":17,"column":19},"end":{"line":22,"column":1}},"line":17},"4":{"name":"(anonymous_4)","decl":{"start":{"line":18,"column":31},"end":{"line":18,"column":32}},"loc":{"start":{"line":18,"column":37},"end":{"line":21,"column":5}},"line":18}},"branchMap":{},"s":{"0":1,"1":1,"2":1,"3":1,"4":1,"5":0,"6":0,"7":1,"8":1,"9":1,"10":1},"f":{"0":1,"1":1,"2":0,"3":1,"4":1},"b":{},"_coverageSchema":"1a1c01bbd47fc00a2c39e90264f33305004495a9","hash":"13a9abf0f8910cf752e2a9670466944b036038be"}
}
