{"D:\\Qorum Application\\validation.js": {"path":"D:\\Qorum Application\\validation.js","statementMap":{"0":{"start":{"line":1,"column":18},"end":{"line":1,"column":38}},"1":{"start":{"line":3,"column":22},"end":{"line":23,"column":1}},"2":{"start":{"line":4,"column":17},"end":{"line":4,"column":19}},"3":{"start":{"line":6,"column":4},"end":{"line":11,"column":50}},"4":{"start":{"line":7,"column":8},"end":{"line":9,"column":9}},"5":{"start":{"line":8,"column":12},"end":{"line":8,"column":75}},"6":{"start":{"line":11,"column":9},"end":{"line":11,"column":50}},"7":{"start":{"line":13,"column":4},"end":{"line":18,"column":51}},"8":{"start":{"line":14,"column":8},"end":{"line":16,"column":9}},"9":{"start":{"line":15,"column":12},"end":{"line":15,"column":76}},"10":{"start":{"line":18,"column":9},"end":{"line":18,"column":51}},"11":{"start":{"line":19,"column":4},"end":{"line":22,"column":5}},"12":{"start":{"line":25,"column":0},"end":{"line":27,"column":1}}},"fnMap":{"0":{"name":"(anonymous_0)","decl":{"start":{"line":3,"column":22},"end":{"line":3,"column":23}},"loc":{"start":{"line":3,"column":32},"end":{"line":23,"column":1}},"line":3}},"branchMap":{"0":{"loc":{"start":{"line":6,"column":4},"end":{"line":11,"column":50}},"type":"if","locations":[{"start":{"line":6,"column":4},"end":{"line":11,"column":50}},{"start":{"line":6,"column":4},"end":{"line":11,"column":50}}],"line":6},"1":{"loc":{"start":{"line":7,"column":8},"end":{"line":9,"column":9}},"type":"if","locations":[{"start":{"line":7,"column":8},"end":{"line":9,"column":9}},{"start":{"line":7,"column":8},"end":{"line":9,"column":9}}],"line":7},"2":{"loc":{"start":{"line":13,"column":4},"end":{"line":18,"column":51}},"type":"if","locations":[{"start":{"line":13,"column":4},"end":{"line":18,"column":51}},{"start":{"line":13,"column":4},"end":{"line":18,"column":51}}],"line":13},"3":{"loc":{"start":{"line":14,"column":8},"end":{"line":16,"column":9}},"type":"if","locations":[{"start":{"line":14,"column":8},"end":{"line":16,"column":9}},{"start":{"line":14,"column":8},"end":{"line":16,"column":9}}],"line":14}},"s":{"0":1,"1":1,"2":2,"3":2,"4":2,"5":1,"6":0,"7":2,"8":2,"9":0,"10":0,"11":2,"12":1},"f":{"0":2},"b":{"0":[2,0],"1":[1,1],"2":[2,0],"3":[0,2]},"_coverageSchema":"1a1c01bbd47fc00a2c39e90264f33305004495a9","hash":"db76f7ff71d700667638f047f743153daf31a264"}
,"D:\\Qorum Application\\models\\User.js": {"path":"D:\\Qorum Application\\models\\User.js","statementMap":{"0":{"start":{"line":1,"column":17},"end":{"line":1,"column":36}},"1":{"start":{"line":3,"column":19},"end":{"line":27,"column":24}},"2":{"start":{"line":29,"column":0},"end":{"line":29,"column":52}}},"fnMap":{},"branchMap":{},"s":{"0":1,"1":1,"2":1},"f":{},"b":{},"_coverageSchema":"1a1c01bbd47fc00a2c39e90264f33305004495a9","hash":"c43e98fdba205e10070133fabc550efd98675f4c"}
,"D:\\Qorum Application\\routes\\userRouter.js": {"path":"D:\\Qorum Application\\routes\\userRouter.js","statementMap":{"0":{"start":{"line":1,"column":16},"end":{"line":1,"column":34}},"1":{"start":{"line":3,"column":15},"end":{"line":3,"column":31}},"2":{"start":{"line":4,"column":15},"end":{"line":4,"column":34}},"3":{"start":{"line":5,"column":13},"end":{"line":5,"column":38}},"4":{"start":{"line":6,"column":12},"end":{"line":6,"column":35}},"5":{"start":{"line":8,"column":19},"end":{"line":8,"column":43}},"6":{"start":{"line":10,"column":0},"end":{"line":34,"column":2}},"7":{"start":{"line":11,"column":32},"end":{"line":11,"column":66}},"8":{"start":{"line":12,"column":4},"end":{"line":17,"column":5}},"9":{"start":{"line":13,"column":8},"end":{"line":16,"column":11}},"10":{"start":{"line":18,"column":60},"end":{"line":18,"column":68}},"11":{"start":{"line":19,"column":4},"end":{"line":33,"column":23}},"12":{"start":{"line":21,"column":12},"end":{"line":25,"column":13}},"13":{"start":{"line":22,"column":26},"end":{"line":22,"column":59}},"14":{"start":{"line":23,"column":16},"end":{"line":23,"column":33}},"15":{"start":{"line":24,"column":16},"end":{"line":24,"column":33}},"16":{"start":{"line":26,"column":12},"end":{"line":32,"column":31}},"17":{"start":{"line":28,"column":20},"end":{"line":31,"column":39}},"18":{"start":{"line":30,"column":28},"end":{"line":30,"column":77}},"19":{"start":{"line":36,"column":0},"end":{"line":71,"column":2}},"20":{"start":{"line":37,"column":33},"end":{"line":37,"column":41}},"21":{"start":{"line":38,"column":4},"end":{"line":70,"column":23}},"22":{"start":{"line":40,"column":12},"end":{"line":44,"column":13}},"23":{"start":{"line":41,"column":26},"end":{"line":41,"column":54}},"24":{"start":{"line":42,"column":16},"end":{"line":42,"column":33}},"25":{"start":{"line":43,"column":16},"end":{"line":43,"column":33}},"26":{"start":{"line":45,"column":12},"end":{"line":69,"column":31}},"27":{"start":{"line":47,"column":20},"end":{"line":51,"column":21}},"28":{"start":{"line":48,"column":34},"end":{"line":48,"column":71}},"29":{"start":{"line":49,"column":24},"end":{"line":49,"column":41}},"30":{"start":{"line":50,"column":24},"end":{"line":50,"column":41}},"31":{"start":{"line":53,"column":34},"end":{"line":59,"column":21}},"32":{"start":{"line":60,"column":20},"end":{"line":68,"column":23}},"33":{"start":{"line":61,"column":24},"end":{"line":63,"column":25}},"34":{"start":{"line":62,"column":28},"end":{"line":62,"column":45}},"35":{"start":{"line":64,"column":24},"end":{"line":67,"column":27}},"36":{"start":{"line":73,"column":0},"end":{"line":73,"column":24}}},"fnMap":{"0":{"name":"(anonymous_0)","decl":{"start":{"line":10,"column":25},"end":{"line":10,"column":26}},"loc":{"start":{"line":10,"column":45},"end":{"line":34,"column":1}},"line":10},"1":{"name":"(anonymous_1)","decl":{"start":{"line":20,"column":14},"end":{"line":20,"column":15}},"loc":{"start":{"line":20,"column":24},"end":{"line":33,"column":9}},"line":20},"2":{"name":"(anonymous_2)","decl":{"start":{"line":27,"column":22},"end":{"line":27,"column":23}},"loc":{"start":{"line":27,"column":32},"end":{"line":32,"column":17}},"line":27},"3":{"name":"(anonymous_3)","decl":{"start":{"line":29,"column":30},"end":{"line":29,"column":31}},"loc":{"start":{"line":29,"column":40},"end":{"line":31,"column":25}},"line":29},"4":{"name":"(anonymous_4)","decl":{"start":{"line":36,"column":22},"end":{"line":36,"column":23}},"loc":{"start":{"line":36,"column":42},"end":{"line":71,"column":1}},"line":36},"5":{"name":"(anonymous_5)","decl":{"start":{"line":39,"column":14},"end":{"line":39,"column":15}},"loc":{"start":{"line":39,"column":24},"end":{"line":70,"column":9}},"line":39},"6":{"name":"(anonymous_6)","decl":{"start":{"line":46,"column":22},"end":{"line":46,"column":23}},"loc":{"start":{"line":46,"column":37},"end":{"line":69,"column":17}},"line":46},"7":{"name":"(anonymous_7)","decl":{"start":{"line":60,"column":58},"end":{"line":60,"column":59}},"loc":{"start":{"line":60,"column":74},"end":{"line":68,"column":21}},"line":60}},"branchMap":{"0":{"loc":{"start":{"line":12,"column":4},"end":{"line":17,"column":5}},"type":"if","locations":[{"start":{"line":12,"column":4},"end":{"line":17,"column":5}},{"start":{"line":12,"column":4},"end":{"line":17,"column":5}}],"line":12},"1":{"loc":{"start":{"line":21,"column":12},"end":{"line":25,"column":13}},"type":"if","locations":[{"start":{"line":21,"column":12},"end":{"line":25,"column":13}},{"start":{"line":21,"column":12},"end":{"line":25,"column":13}}],"line":21},"2":{"loc":{"start":{"line":40,"column":12},"end":{"line":44,"column":13}},"type":"if","locations":[{"start":{"line":40,"column":12},"end":{"line":44,"column":13}},{"start":{"line":40,"column":12},"end":{"line":44,"column":13}}],"line":40},"3":{"loc":{"start":{"line":47,"column":20},"end":{"line":51,"column":21}},"type":"if","locations":[{"start":{"line":47,"column":20},"end":{"line":51,"column":21}},{"start":{"line":47,"column":20},"end":{"line":51,"column":21}}],"line":47},"4":{"loc":{"start":{"line":61,"column":24},"end":{"line":63,"column":25}},"type":"if","locations":[{"start":{"line":61,"column":24},"end":{"line":63,"column":25}},{"start":{"line":61,"column":24},"end":{"line":63,"column":25}}],"line":61}},"s":{"0":1,"1":1,"2":1,"3":1,"4":1,"5":1,"6":1,"7":2,"8":2,"9":1,"10":2,"11":2,"12":2,"13":0,"14":0,"15":0,"16":2,"17":2,"18":1,"19":1,"20":1,"21":1,"22":1,"23":0,"24":0,"25":0,"26":1,"27":1,"28":0,"29":0,"30":0,"31":1,"32":1,"33":1,"34":0,"35":1,"36":1},"f":{"0":2,"1":2,"2":2,"3":1,"4":1,"5":1,"6":1,"7":1},"b":{"0":[1,1],"1":[0,2],"2":[0,1],"3":[0,1],"4":[0,1]},"_coverageSchema":"1a1c01bbd47fc00a2c39e90264f33305004495a9","hash":"2c1c07b5a1ef3d3e5ed50913fc061c7c69a27946"}
,"D:\\Qorum Application\\testing\\setup.js": {"path":"D:\\Qorum Application\\testing\\setup.js","statementMap":{"0":{"start":{"line":1,"column":16},"end":{"line":1,"column":35}},"1":{"start":{"line":3,"column":0},"end":{"line":15,"column":2}},"2":{"start":{"line":4,"column":4},"end":{"line":14,"column":6}},"3":{"start":{"line":9,"column":8},"end":{"line":9,"column":37}},"4":{"start":{"line":10,"column":8},"end":{"line":10,"column":15}},"5":{"start":{"line":12,"column":8},"end":{"line":12,"column":27}},"6":{"start":{"line":13,"column":8},"end":{"line":13,"column":24}},"7":{"start":{"line":17,"column":0},"end":{"line":22,"column":2}},"8":{"start":{"line":18,"column":4},"end":{"line":21,"column":7}},"9":{"start":{"line":19,"column":8},"end":{"line":19,"column":41}},"10":{"start":{"line":20,"column":8},"end":{"line":20,"column":15}}},"fnMap":{"0":{"name":"(anonymous_0)","decl":{"start":{"line":3,"column":10},"end":{"line":3,"column":11}},"loc":{"start":{"line":3,"column":20},"end":{"line":15,"column":1}},"line":3},"1":{"name":"(anonymous_1)","decl":{"start":{"line":8,"column":12},"end":{"line":8,"column":13}},"loc":{"start":{"line":8,"column":20},"end":{"line":11,"column":5}},"line":8},"2":{"name":"(anonymous_2)","decl":{"start":{"line":11,"column":13},"end":{"line":11,"column":14}},"loc":{"start":{"line":11,"column":22},"end":{"line":14,"column":5}},"line":11},"3":{"name":"(anonymous_3)","decl":{"start":{"line":17,"column":9},"end":{"line":17,"column":10}},"loc":{"start":{"line":17,"column":19},"end":{"line":22,"column":1}},"line":17},"4":{"name":"(anonymous_4)","decl":{"start":{"line":18,"column":31},"end":{"line":18,"column":32}},"loc":{"start":{"line":18,"column":37},"end":{"line":21,"column":5}},"line":18}},"branchMap":{},"s":{"0":1,"1":1,"2":1,"3":1,"4":1,"5":0,"6":0,"7":1,"8":1,"9":1,"10":1},"f":{"0":1,"1":1,"2":0,"3":1,"4":1},"b":{},"_coverageSchema":"1a1c01bbd47fc00a2c39e90264f33305004495a9","hash":"13a9abf0f8910cf752e2a9670466944b036038be"}
}
