TN:
SF:validation.js
FN:3,(anonymous_0)
FNF:1
FNH:1
FNDA:5,(anonymous_0)
DA:1,2
DA:3,2
DA:4,5
DA:6,5
DA:7,5
DA:8,1
DA:11,0
DA:13,5
DA:14,5
DA:15,1
DA:18,0
DA:19,5
DA:25,2
LF:13
LH:11
BRDA:6,0,0,5
BRDA:6,0,1,0
BRDA:7,1,0,1
BRDA:7,1,1,4
BRDA:13,2,0,5
BRDA:13,2,1,0
BRDA:14,3,0,1
BRDA:14,3,1,4
BRF:8
BRH:6
end_of_record
TN:
SF:models\Category.js
FNF:0
FNH:0
DA:1,1
DA:3,1
DA:14,1
LF:3
LH:3
BRF:0
BRH:0
end_of_record
TN:
SF:models\Question.js
FNF:0
FNH:0
DA:1,1
DA:3,1
DA:18,1
DA:34,1
DA:60,1
LF:5
LH:5
BRF:0
BRH:0
end_of_record
TN:
SF:models\User.js
FNF:0
FNH:0
DA:1,2
DA:3,2
DA:29,2
LF:3
LH:3
BRF:0
BRH:0
end_of_record
TN:
SF:routes\auth.js
FN:3,verifyUser
FN:13,(anonymous_1)
FN:24,verifyAdmin
FNF:3
FNH:3
FNDA:5,verifyUser
FNDA:4,(anonymous_1)
FNDA:3,verifyAdmin
DA:1,1
DA:4,5
DA:5,5
DA:6,1
DA:7,1
DA:8,1
DA:12,4
DA:13,4
DA:14,4
DA:15,0
DA:16,0
DA:19,4
DA:20,4
DA:25,3
DA:26,0
DA:27,0
DA:28,0
DA:30,3
DA:31,0
DA:32,0
DA:33,0
DA:35,3
DA:38,1
LF:23
LH:15
BRDA:5,0,0,1
BRDA:5,0,1,4
BRDA:14,1,0,0
BRDA:14,1,1,4
BRDA:25,2,0,0
BRDA:25,2,1,3
BRDA:30,3,0,0
BRDA:30,3,1,3
BRF:8
BRH:5
end_of_record
TN:
SF:routes\categoryRouter.js
FN:9,(anonymous_0)
FN:11,(anonymous_1)
FN:15,(anonymous_2)
FN:17,(anonymous_3)
FN:21,(anonymous_4)
FN:23,(anonymous_5)
FN:29,(anonymous_6)
FN:31,(anonymous_7)
FN:35,(anonymous_8)
FN:37,(anonymous_9)
FN:41,(anonymous_10)
FN:43,(anonymous_11)
FN:49,(anonymous_12)
FN:51,(anonymous_13)
FN:55,(anonymous_14)
FN:57,(anonymous_15)
FN:59,(anonymous_16)
FN:62,(anonymous_17)
FN:68,(anonymous_18)
FN:70,(anonymous_19)
FN:72,(anonymous_20)
FN:75,(anonymous_21)
FN:83,(anonymous_22)
FN:85,(anonymous_23)
FN:88,(anonymous_24)
FN:99,(anonymous_25)
FN:101,(anonymous_26)
FN:104,(anonymous_27)
FN:113,(anonymous_28)
FN:115,(anonymous_29)
FN:118,(anonymous_30)
FN:119,(anonymous_31)
FN:123,(anonymous_32)
FNF:33
FNH:6
FNDA:1,(anonymous_0)
FNDA:1,(anonymous_1)
FNDA:2,(anonymous_2)
FNDA:2,(anonymous_3)
FNDA:1,(anonymous_4)
FNDA:1,(anonymous_5)
FNDA:0,(anonymous_6)
FNDA:0,(anonymous_7)
FNDA:0,(anonymous_8)
FNDA:0,(anonymous_9)
FNDA:0,(anonymous_10)
FNDA:0,(anonymous_11)
FNDA:0,(anonymous_12)
FNDA:0,(anonymous_13)
FNDA:0,(anonymous_14)
FNDA:0,(anonymous_15)
FNDA:0,(anonymous_16)
FNDA:0,(anonymous_17)
FNDA:0,(anonymous_18)
FNDA:0,(anonymous_19)
FNDA:0,(anonymous_20)
FNDA:0,(anonymous_21)
FNDA:0,(anonymous_22)
FNDA:0,(anonymous_23)
FNDA:0,(anonymous_24)
FNDA:0,(anonymous_25)
FNDA:0,(anonymous_26)
FNDA:0,(anonymous_27)
FNDA:0,(anonymous_28)
FNDA:0,(anonymous_29)
FNDA:0,(anonymous_30)
FNDA:0,(anonymous_31)
FNDA:0,(anonymous_32)
DA:1,1
DA:2,1
DA:3,1
DA:4,1
DA:5,1
DA:6,1
DA:8,1
DA:10,1
DA:12,1
DA:16,2
DA:18,2
DA:22,1
DA:24,1
DA:28,1
DA:30,0
DA:32,0
DA:36,0
DA:38,0
DA:42,0
DA:44,0
DA:48,1
DA:50,0
DA:52,0
DA:56,0
DA:58,0
DA:60,0
DA:61,0
DA:63,0
DA:69,0
DA:71,0
DA:73,0
DA:74,0
DA:76,0
DA:82,1
DA:84,0
DA:86,0
DA:87,0
DA:89,0
DA:93,0
DA:94,0
DA:95,0
DA:100,0
DA:102,0
DA:103,0
DA:105,0
DA:109,0
DA:114,0
DA:116,0
DA:117,0
DA:119,0
DA:120,0
DA:122,0
DA:124,0
DA:129,0
DA:134,1
LF:55
LH:17
BRDA:86,0,0,0
BRDA:86,0,1,0
BRDA:102,1,0,0
BRDA:102,1,1,0
BRDA:116,2,0,0
BRDA:116,2,1,0
BRF:6
BRH:0
end_of_record
TN:
SF:routes\userRouter.js
FN:10,(anonymous_0)
FN:20,(anonymous_1)
FN:27,(anonymous_2)
FN:29,(anonymous_3)
FN:36,(anonymous_4)
FN:39,(anonymous_5)
FN:46,(anonymous_6)
FN:60,(anonymous_7)
FNF:8
FNH:8
FNDA:5,(anonymous_0)
FNDA:5,(anonymous_1)
FNDA:4,(anonymous_2)
FNDA:2,(anonymous_3)
FNDA:4,(anonymous_4)
FNDA:4,(anonymous_5)
FNDA:3,(anonymous_6)
FNDA:2,(anonymous_7)
DA:1,2
DA:3,2
DA:4,2
DA:5,2
DA:6,2
DA:8,2
DA:10,2
DA:11,5
DA:12,5
DA:13,2
DA:18,5
DA:19,5
DA:21,5
DA:22,1
DA:23,1
DA:24,1
DA:26,4
DA:28,4
DA:30,2
DA:36,2
DA:37,4
DA:38,4
DA:40,4
DA:41,1
DA:42,1
DA:43,1
DA:45,3
DA:47,3
DA:48,1
DA:49,1
DA:50,1
DA:53,2
DA:60,2
DA:61,2
DA:62,0
DA:64,2
DA:73,2
LF:37
LH:36
BRDA:12,0,0,2
BRDA:12,0,1,3
BRDA:21,1,0,1
BRDA:21,1,1,4
BRDA:40,2,0,1
BRDA:40,2,1,3
BRDA:47,3,0,1
BRDA:47,3,1,2
BRDA:61,4,0,0
BRDA:61,4,1,2
BRF:10
BRH:9
end_of_record
TN:
SF:testing\setup.js
FN:3,(anonymous_0)
FN:8,(anonymous_1)
FN:11,(anonymous_2)
FN:17,(anonymous_3)
FN:18,(anonymous_4)
FNF:5
FNH:4
FNDA:2,(anonymous_0)
FNDA:2,(anonymous_1)
FNDA:0,(anonymous_2)
FNDA:2,(anonymous_3)
FNDA:2,(anonymous_4)
DA:1,2
DA:3,2
DA:4,2
DA:9,2
DA:10,2
DA:12,0
DA:13,0
DA:17,2
DA:18,2
DA:19,2
DA:20,2
LF:11
LH:9
BRF:0
BRH:0
end_of_record
